<?xml version="1.0" encoding="UTF-8"?>
<testsuite xmlns:xsi="http://www.w3.org/2001/XMLSchema-instance" xsi:noNamespaceSchemaLocation="https://maven.apache.org/surefire/maven-surefire-plugin/xsd/surefire-test-report.xsd" version="3.0.2" name="com.robustcode.delivery.DeliveryPlatformApplicationTests" time="1.103" tests="1" errors="0" skipped="0" failures="0" flakes="0">
  <properties>
[...]
</properties>
  <testcase name="contextLoads" classname="com.robustcode.delivery.DeliveryPlatformApplicationTests" time="0.002">
    <system-out><![CDATA[2026-07-11T10:40:04.247+02:00  INFO 65103 --- [delivery-platform] [           main] t.c.s.AnnotationConfigContextLoaderUtils : Could not detect default configuration classes for test class [com.robustcode.delivery.DeliveryPlatformApplicationTests]: DeliveryPlatformApplicationTests does not declare any static, non-private, non-final, nested classes annotated with @Configuration.
2026-07-11T10:40:04.252+02:00  INFO 65103 --- [delivery-platform] [           main] .b.t.c.SpringBootTestContextBootstrapper : Found @SpringBootConfiguration com.robustcode.delivery.DeliveryPlatformApplication for test class com.robustcode.delivery.DeliveryPlatformApplicationTests
2026-07-11T10:40:04.254+02:00  INFO 65103 --- [delivery-platform] [           main] o.s.b.d.r.RestartApplicationListener     : Restart disabled due to context in which it is running

  .   ____          _            __ _ _
 /\\ / ___'_ __ _ _(_)_ __  __ _ \ \ \ \
( ( )\___ | '_ | '_| | '_ \/ _` | \ \ \ \
 \\/  ___)| |_)| | | | | || (_| |  ) ) ) )
  '  |____| .__|_| |_|_| |_\__, | / / / /
 =========|_|==============|___/=/_/_/_/

 :: Spring Boot ::               (v3.5.16)

2026-07-11T10:40:04.266+02:00  INFO 65103 --- [delivery-platform] [           main] c.r.d.DeliveryPlatformApplicationTests   : Starting DeliveryPlatformApplicationTests using Java 21.0.11 with PID 65103 (started by jeanlucluzembansianguana in /Users/jeanlucluzembansianguana/Projects/DeliveryPlatform/backend)
2026-07-11T10:40:04.266+02:00  INFO 65103 --- [delivery-platform] [           main] c.r.d.DeliveryPlatformApplicationTests   : No active profile set, falling back to 1 default profile: "default"
2026-07-11T10:40:04.437+02:00  INFO 65103 --- [delivery-platform] [           main] .s.d.r.c.RepositoryConfigurationDelegate : Bootstrapping Spring Data JPA repositories in DEFAULT mode.
2026-07-11T10:40:04.451+02:00  INFO 65103 --- [delivery-platform] [           main] .s.d.r.c.RepositoryConfigurationDelegate : Finished Spring Data repository scanning in 10 ms. Found 3 JPA repository interfaces.
2026-07-11T10:40:04.580+02:00  INFO 65103 --- [delivery-platform] [           main] o.hibernate.jpa.internal.util.LogHelper  : HHH000204: Processing PersistenceUnitInfo [name: default]
2026-07-11T10:40:04.607+02:00  INFO 65103 --- [delivery-platform] [           main] org.hibernate.Version                    : HHH000412: Hibernate ORM core version 6.6.53.Final
2026-07-11T10:40:04.619+02:00  INFO 65103 --- [delivery-platform] [           main] o.h.c.internal.RegionFactoryInitiator    : HHH000026: Second-level cache disabled
2026-07-11T10:40:04.659+02:00  INFO 65103 --- [delivery-platform] [           main] o.s.o.j.p.SpringPersistenceUnitInfo      : No LoadTimeWeaver setup: ignoring JPA class transformer
2026-07-11T10:40:04.669+02:00  INFO 65103 --- [delivery-platform] [           main] com.zaxxer.hikari.HikariDataSource       : HikariPool-1 - Starting...
2026-07-11T10:40:04.733+02:00  INFO 65103 --- [delivery-platform] [           main] com.zaxxer.hikari.pool.HikariPool        : HikariPool-1 - Added connection conn0: url=jdbc:h2:mem:testdb user=SA
2026-07-11T10:40:04.734+02:00  INFO 65103 --- [delivery-platform] [           main] com.zaxxer.hikari.HikariDataSource       : HikariPool-1 - Start completed.
2026-07-11T10:40:04.761+02:00  INFO 65103 --- [delivery-platform] [           main] org.hibernate.orm.connections.pooling    : HHH10001005: Database info:
	Database JDBC URL [Connecting through datasource 'HikariDataSource (HikariPool-1)']
	Database driver: undefined/unknown
	Database version: 2.3.232
	Autocommit mode: undefined/unknown
	Isolation level: undefined/unknown
	Minimum pool size: undefined/unknown
	Maximum pool size: undefined/unknown
2026-07-11T10:40:05.014+02:00  INFO 65103 --- [delivery-platform] [           main] o.h.e.t.j.p.i.JtaPlatformInitiator       : HHH000489: No JTA platform available (set 'hibernate.transaction.jta.platform' to enable JTA platform integration)
Hibernate: drop table if exists drivers cascade 
Hibernate: drop table if exists users cascade 
Hibernate: drop table if exists vehicles cascade 
Hibernate: create table drivers (created_at timestamp(6) not null, id bigint generated by default as identity, updated_at timestamp(6), user_id bigint not null unique, vehicle_id bigint unique, phone_number varchar(255) not null, vehicle_plate varchar(255), vehicle_type varchar(255), availability_status enum ('AVAILABLE','BUSY','OFFLINE') not null, primary key (id))
Hibernate: create table users (enabled boolean not null, created_at timestamp(6) not null, id bigint generated by default as identity, updated_at timestamp(6), email varchar(255) not null unique, first_name varchar(255) not null, last_name varchar(255) not null, password varchar(255) not null, role enum ('ADMIN','DISPATCHER','DRIVER') not null, primary key (id))
Hibernate: create table vehicles (created_at timestamp(6) not null, id bigint generated by default as identity, updated_at timestamp(6), plate_number varchar(255) not null unique, vehicle_type varchar(255) not null, status enum ('ASSIGNED','AVAILABLE','MAINTENANCE') not null, primary key (id))
Hibernate: alter table if exists drivers add constraint FKfscpnjt46gco44xh86l99rxh7 foreign key (user_id) references users
Hibernate: alter table if exists drivers add constraint FK1h7qnabqke7afqyhu4qfpuxu1 foreign key (vehicle_id) references vehicles
2026-07-11T10:40:05.031+02:00  INFO 65103 --- [delivery-platform] [           main] j.LocalContainerEntityManagerFactoryBean : Initialized JPA EntityManagerFactory for persistence unit 'default'
2026-07-11T10:40:05.145+02:00  WARN 65103 --- [delivery-platform] [           main] JpaBaseConfiguration$JpaWebConfiguration : spring.jpa.open-in-view is enabled by default. Therefore, database queries may be performed during view rendering. Explicitly configure spring.jpa.open-in-view to disable this warning
2026-07-11T10:40:05.151+02:00  WARN 65103 --- [delivery-platform] [           main] .s.s.UserDetailsServiceAutoConfiguration : 

Using generated security password: 7b79960d-255f-4978-8f73-2a7dff8c19a6

This generated password is for development use only. Your security configuration must be updated before running your application in production.

2026-07-11T10:40:05.152+02:00  INFO 65103 --- [delivery-platform] [           main] r$InitializeUserDetailsManagerConfigurer : Global AuthenticationManager configured with UserDetailsService bean with name inMemoryUserDetailsManager
2026-07-11T10:40:05.213+02:00  INFO 65103 --- [delivery-platform] [           main] o.s.b.a.e.web.EndpointLinksResolver      : Exposing 1 endpoint beneath base path '/actuator'
2026-07-11T10:40:05.319+02:00  INFO 65103 --- [delivery-platform] [           main] c.r.d.DeliveryPlatformApplicationTests   : Started DeliveryPlatformApplicationTests in 1.065 seconds (process running for 2.358)
]]></system-out>
  </testcase>
</testsuite>